city101:  北京 num:  32 city:  北京-北京
city101:  上海 num:  1 city:  上海-上海
city101:  广州 num:  134 city:  广东-广州
city101:  深圳 num:  142 city:  广东-深圳
city101:  天津 num:  75 city:  天津-天津
city101:  南京 num:  183 city:  江苏-南京
city101:  武汉 num:  278 city:  湖北-武汉
city101:  沈阳 num:  353 city:  辽宁-沈阳
city101:  西安 num:  372 city:  陕西-西安
city101:  成都 num:  63 city:  四川-成都
city101:  重庆 num:  362 city:  重庆-重庆
city101:  杭州 num:  244 city:  浙江-杭州
city101:  青岛 num:  116 city:  山东-青岛
city101:  大连 num:  349 city:  辽宁-大连
city101:  宁波 num:  243 city:  浙江-宁波
city101:  苏州 num:  193 city:  江苏-苏州
city101:  无锡 num:  189 city:  江苏-无锡
city101:  济南 num:  107 city:  山东-济南
city101:  哈尔滨 num:  389 city:  黑龙江-哈尔滨
city101:  长春 num:  52 city:  吉林-长春
city101:  厦门 num:  322 city:  福建-厦门
city101:  佛山 num:  133 city:  广东-佛山
city101:  东莞 num:  130 city:  广东-东莞
city101:  郑州 num:  236 city:  河南-郑州
city101:  长沙 num:  302 city:  湖南-长沙
city101:  福州 num:  326 city:  福建-福州
city101:  石家庄 num:  215 city:  河北-石家庄
city101:  南昌 num:  199 city:  江西-南昌
city101:  乌鲁木齐 num:  167 city:  新疆-乌鲁木齐
city101:  昆明 num:  10 city:  云南-昆明
city101:  太原 num:  121 city:  山西-太原
city101:  兰州 num:  306 city:  甘肃-兰州
city101:  贵阳 num:  341 city:  贵州-贵阳
city101:  合肥 num:  85 city:  安徽-合肥
city101:  南宁 num:  153 city:  广西-南宁
city101:  呼和浩特 num:  25 city:  内蒙古-呼和浩特
city101:  烟台 num:  112 city:  山东-烟台
city101:  唐山 num:  210 city:  河北-唐山
city101:  温州 num:  245 city:  浙江-温州
city101:  淄博 num:  109 city:  山东-淄博
city101:  泉州 num:  324 city:  福建-泉州
city101:  包头 num:  23 city:  内蒙古-包头
city101:  邯郸 num:  219 city:  河北-邯郸
city101:  徐州 num:  187 city:  江苏-徐州
city101:  济宁 num:  108 city:  山东-济宁
city101:  常州 num:  186 city:  江苏-常州
city101:  南通 num:  184 city:  江苏-南通
city101:  赣州 num:  206 city:  江西-赣州
city101:  银川 num:  81 city:  宁夏-银川
city101:  西宁 num:  381 city:  青海-西宁
city101:  海口 num:  264 city:  海南-海口
city101:  潍坊 num:  111 city:  山东-潍坊
city101:  绍兴 num:  247 city:  浙江-绍兴
city101:  台州 num:  241 city:  浙江-台州
city101:  大庆 num:  391 city:  黑龙江-大庆
city101:  鞍山 num:  361 city:  辽宁-鞍山
city101:  九江 num:  198 city:  江西-九江
city101:  中山 num:  131 city:  广东-中山
city101:  珠海 num:  146 city:  广东-珠海
city101:  汕头 num:  138 city:  广东-汕头
city101:  泰安 num:  106 city:  山东-泰安
city101:  吉林 num:  44 city:  吉林-吉林市
city101:  柳州 num:  156 city:  广西-柳州
city101:  临沂 num:  101 city:  山东-临沂
city101:  拉萨 num:  331 city:  西藏-拉萨
city101:  保定 num:  209 city:  河北-保定
city101:  秦皇岛 num:  216 city:  河北-秦皇岛
city101:  沧州 num:  214 city:  河北-沧州
city101:  鄂尔多斯 num:  29 city:  内蒙古-鄂尔多斯
city101:  东营 num:  100 city:  山东-东营
city101:  威海 num:  102 city:  山东-威海
city101:  扬州 num:  188 city:  江苏-扬州
city101:  洛阳 num:  230 city:  河南-洛阳
city101:  德州 num:  103 city:  山东-德州
city101:  滨州 num:  110 city:  山东-滨州
city101:  湖州 num:  246 city:  浙江-湖州
city101:  嘉兴 num:  242 city:  浙江-嘉兴
city101:  金华 num:  250 city:  浙江-金华
city101:  泰州 num:  190 city:  江苏-泰州
city101:  镇江 num:  195 city:  江苏-镇江
city101:  盐城 num:  192 city:  江苏-盐城
city101:  桂林 num:  157 city:  广西-桂林
city101:  惠州 num:  135 city:  广东-惠州
city101:  湛江 num:  144 city:  广东-湛江
city101:  江门 num:  140 city:  广东-江门
city101:  茂名 num:  148 city:  广东-茂名
city101:  株洲 num:  294 city:  湖南-株洲
city101:  岳阳 num:  290 city:  湖南-岳阳
city101:  衡阳 num:  299 city:  湖南-衡阳
city101:  宝鸡 num:  367 city:  陕西-宝鸡
city101:  咸阳 num:  364 city:  陕西-咸阳
city101:  宜昌 num:  276 city:  湖北-宜昌
city101:  襄阳 num:  283 city:  湖北-襄阳
city101:  开封 num:  228 city:  河南-开封
city101:  许昌 num:  235 city:  河南-许昌
city101:  平顶山 num:  227 city:  河南-平顶山
city101:  萍乡 num:  205 city:  江西-萍乡
city101:  宜春 num:  201 city:  江西-宜春
city101:  上饶 num:  197 city:  江西-上饶
city101:  新余 num:  203 city:  江西-新余
city101:  景德镇 num:  204 city:  江西-景德镇